<?xml version="1.0" encoding="UTF-8"?>
<!-- Generated by org.testng.reporters.JUnitXMLReporter -->
<testsuite ignored="7" hostname="DESKTOP-CL6B6RR" failures="0" tests="1" name="Default test" time="18.02" errors="0" timestamp="2025-02-05T10:25:06 IST">
  <testcase classname="com.star.TestStar" name="loginWithValidCredentials" time="10.947"/>
  <testcase classname="com.star.TestStar" name="ckyc" time="0.0">
    <ignored/>
  </testcase> <!-- ckyc -->
  <testcase classname="com.star.TestStar" name="nom" time="0.0">
    <ignored/>
  </testcase> <!-- nom -->
  <testcase classname="com.star.TestStar" name="com" time="0.0">
    <ignored/>
  </testcase> <!-- com -->
  <testcase classname="com.star.TestStar" name="quote" time="0.0">
    <ignored/>
  </testcase> <!-- quote -->
  <testcase classname="com.star.TestStar" name="assure" time="0.0">
    <ignored/>
  </testcase> <!-- assure -->
  <testcase classname="com.star.TestStar" name="premiumQuotePage" time="0.0">
    <ignored/>
  </testcase> <!-- premiumQuotePage -->
  <testcase classname="com.star.TestStar" name="proposerDetails" time="0.0">
    <ignored/>
  </testcase> <!-- proposerDetails -->
</testsuite> <!-- Default test -->
